<?xml version="1.0" encoding="utf-8"?><testsuites name="pytest tests"><testsuite name="pytest" errors="1" failures="0" skipped="0" tests="22" time="6.788" timestamp="2026-01-22T14:59:08.484498+00:00" hostname="agent-env-c311af73-6c52-4b8b-a8cc-eef43892bb9b"><testcase classname="backend.tests.test_api_tokens.TestApiTokenManagement" name="test_01_list_available_permissions" time="0.363" /><testcase classname="backend.tests.test_api_tokens.TestApiTokenManagement" name="test_02_list_api_tokens_empty_or_existing" time="0.299" /><testcase classname="backend.tests.test_api_tokens.TestApiTokenManagement" name="test_03_create_api_token_with_search_permission" time="0.310" /><testcase classname="backend.tests.test_api_tokens.TestApiTokenManagement" name="test_04_create_api_token_with_read_only_permission" time="0.302" /><testcase classname="backend.tests.test_api_tokens.TestApiTokenManagement" name="test_05_create_token_validation_name_required" time="0.307" /><testcase classname="backend.tests.test_api_tokens.TestApiTokenManagement" name="test_06_create_token_validation_permissions_required" time="0.304" /><testcase classname="backend.tests.test_api_tokens.TestApiTokenManagement" name="test_07_create_token_duplicate_name_rejected" time="0.338" /><testcase classname="backend.tests.test_api_tokens.TestApiTokenManagement" name="test_08_verify_token_in_list" time="0.305" /><testcase classname="backend.tests.test_api_tokens.TestApiTokenManagement" name="test_09_api_token_auth_search_with_permission" time="0.305" /><testcase classname="backend.tests.test_api_tokens.TestApiTokenManagement" name="test_10_api_token_auth_search_without_permission" time="0.296" /><testcase classname="backend.tests.test_api_tokens.TestApiTokenManagement" name="test_11_api_token_auth_create_document_without_permission" time="0.355" /><testcase classname="backend.tests.test_api_tokens.TestApiTokenManagement" name="test_12_api_token_can_read_workspaces" time="0.347" /><testcase classname="backend.tests.test_api_tokens.TestApiTokenManagement" name="test_13_api_token_cannot_access_admin_endpoints" time="0.300" /><testcase classname="backend.tests.test_api_tokens.TestApiTokenManagement" name="test_14_delete_api_token" time="0.297" /><testcase classname="backend.tests.test_api_tokens.TestApiTokenManagement" name="test_15_deleted_token_cannot_authenticate" time="0.297" /><testcase classname="backend.tests.test_api_tokens.TestApiTokenManagement" name="test_16_delete_nonexistent_token" time="0.301" /><testcase classname="backend.tests.test_api_tokens.TestApiTokenManagement" name="test_17_cleanup_readonly_token" time="0.315" /><testcase classname="backend.tests.test_api_tokens.TestApiTokenWithFullPermissions" name="test_01_create_full_permission_token" time="0.297" /><testcase classname="backend.tests.test_api_tokens.TestApiTokenWithFullPermissions" name="test_02_full_token_can_create_document" time="0.342" /><testcase classname="backend.tests.test_api_tokens.TestApiTokenWithFullPermissions" name="test_03_full_token_can_search_documents" time="0.319" /><testcase classname="backend.tests.test_api_tokens.TestApiTokenWithFullPermissions" name="test_04_full_token_can_delete_document" time="0.341" /><testcase classname="backend.tests.test_api_tokens.TestApiTokenWithFullPermissions" name="test_05_cleanup_full_token" time="0.037"><error message="failed on setup with &quot;AssertionError: Login failed: {&quot;error&quot;:&quot;Rate limit exceeded: 5 per 1 minute&quot;}&#10;assert 429 == 200&#10; +  where 429 = &lt;Response [429]&gt;.status_code&quot;">backend/tests/test_api_tokens.py:402: in setup
    assert response.status_code == 200, f"Login failed: {response.text}"
E   AssertionError: Login failed: {"error":"Rate limit exceeded: 5 per 1 minute"}
E   assert 429 == 200
E    +  where 429 = &lt;Response [429]&gt;.status_code</error></testcase></testsuite></testsuites>