<?xml version="1.0" encoding="utf-8"?><testsuites name="pytest tests"><testsuite name="pytest" errors="0" failures="2" skipped="1" tests="22" time="6.992" timestamp="2026-01-22T14:58:22.687308+00:00" hostname="agent-env-c311af73-6c52-4b8b-a8cc-eef43892bb9b"><testcase classname="backend.tests.test_api_tokens.TestApiTokenManagement" name="test_01_list_available_permissions" time="0.369" /><testcase classname="backend.tests.test_api_tokens.TestApiTokenManagement" name="test_02_list_api_tokens_empty_or_existing" time="0.314" /><testcase classname="backend.tests.test_api_tokens.TestApiTokenManagement" name="test_03_create_api_token_with_search_permission" time="0.309" /><testcase classname="backend.tests.test_api_tokens.TestApiTokenManagement" name="test_04_create_api_token_with_read_only_permission" time="0.306" /><testcase classname="backend.tests.test_api_tokens.TestApiTokenManagement" name="test_05_create_token_validation_name_required" time="0.300" /><testcase classname="backend.tests.test_api_tokens.TestApiTokenManagement" name="test_06_create_token_validation_permissions_required" time="0.301"><failure message="AssertionError: Expected 400/422, got 200&#10;assert 200 in [400, 422]&#10; +  where 200 = &lt;Response [200]&gt;.status_code">backend/tests/test_api_tokens.py:166: in test_06_create_token_validation_permissions_required
    assert response.status_code in [400, 422], f"Expected 400/422, got {response.status_code}"
E   AssertionError: Expected 400/422, got 200
E   assert 200 in [400, 422]
E    +  where 200 = &lt;Response [200]&gt;.status_code</failure></testcase><testcase classname="backend.tests.test_api_tokens.TestApiTokenManagement" name="test_07_create_token_duplicate_name_rejected" time="0.300" /><testcase classname="backend.tests.test_api_tokens.TestApiTokenManagement" name="test_08_verify_token_in_list" time="0.303" /><testcase classname="backend.tests.test_api_tokens.TestApiTokenManagement" name="test_09_api_token_auth_search_with_permission" time="0.316" /><testcase classname="backend.tests.test_api_tokens.TestApiTokenManagement" name="test_10_api_token_auth_search_without_permission" time="0.304" /><testcase classname="backend.tests.test_api_tokens.TestApiTokenManagement" name="test_11_api_token_auth_create_document_without_permission" time="0.343" /><testcase classname="backend.tests.test_api_tokens.TestApiTokenManagement" name="test_12_api_token_can_read_workspaces" time="0.306" /><testcase classname="backend.tests.test_api_tokens.TestApiTokenManagement" name="test_13_api_token_cannot_access_admin_endpoints" time="0.298" /><testcase classname="backend.tests.test_api_tokens.TestApiTokenManagement" name="test_14_delete_api_token" time="0.312" /><testcase classname="backend.tests.test_api_tokens.TestApiTokenManagement" name="test_15_deleted_token_cannot_authenticate" time="0.295" /><testcase classname="backend.tests.test_api_tokens.TestApiTokenManagement" name="test_16_delete_nonexistent_token" time="0.297" /><testcase classname="backend.tests.test_api_tokens.TestApiTokenManagement" name="test_17_cleanup_readonly_token" time="0.315" /><testcase classname="backend.tests.test_api_tokens.TestApiTokenWithFullPermissions" name="test_01_create_full_permission_token" time="0.300" /><testcase classname="backend.tests.test_api_tokens.TestApiTokenWithFullPermissions" name="test_02_full_token_can_create_document" time="0.340"><failure message="AssertionError: Failed to create document: {&quot;detail&quot;:&quot;Invalid file path&quot;}&#10;assert 400 == 200&#10; +  where 400 = &lt;Response [400]&gt;.status_code">backend/tests/test_api_tokens.py:463: in test_02_full_token_can_create_document
    assert response.status_code == 200, f"Failed to create document: {response.text}"
E   AssertionError: Failed to create document: {"detail":"Invalid file path"}
E   assert 400 == 200
E    +  where 400 = &lt;Response [400]&gt;.status_code</failure></testcase><testcase classname="backend.tests.test_api_tokens.TestApiTokenWithFullPermissions" name="test_03_full_token_can_search_documents" time="0.312" /><testcase classname="backend.tests.test_api_tokens.TestApiTokenWithFullPermissions" name="test_04_full_token_can_delete_document" time="0.302"><skipped type="pytest.skip" message="Full token or document not created">/app/backend/tests/test_api_tokens.py:495: Full token or document not created</skipped></testcase><testcase classname="backend.tests.test_api_tokens.TestApiTokenWithFullPermissions" name="test_05_cleanup_full_token" time="0.295" /></testsuite></testsuites>